This is pdfTeX, Version 3.141592653-2.6-1.40.22 (TeX Live 2021) (preloaded format=pdflatex 2021.10.26)  6 APR 2022 17:40
entering extended mode
 restricted \write18 enabled.
 %&-line parsing enabled.
**Certificate_Template.tex
(./Certificate_Template.tex
LaTeX2e <2020-10-01> patch level 4
L3 programming layer <2021-02-18>
(/usr/local/texlive/2021/texmf-dist/tex/latex/base/article.cls
Document Class: article 2020/04/10 v1.4m Standard LaTeX document class
(/usr/local/texlive/2021/texmf-dist/tex/latex/base/size12.clo
File: size12.clo 2020/04/10 v1.4m Standard LaTeX file (size option)
)
\c@part=\count179
\c@section=\count180
\c@subsection=\count181
\c@subsubsection=\count182
\c@paragraph=\count183
\c@subparagraph=\count184
\c@figure=\count185
\c@table=\count186
\abovecaptionskip=\skip47
\belowcaptionskip=\skip48
\bibindent=\dimen138
)
(/usr/local/texlive/2021/texmf-dist/tex/latex/datatool/datatool.sty
Package: datatool 2019/09/27 v2.32 (NLCT)

(/usr/local/texlive/2021/texmf-dist/tex/latex/xkeyval/xkeyval.sty
Package: xkeyval 2020/11/20 v2.8 package option processing (HA)

(/usr/local/texlive/2021/texmf-dist/tex/generic/xkeyval/xkeyval.tex
(/usr/local/texlive/2021/texmf-dist/tex/generic/xkeyval/xkvutils.tex
\XKV@toks=\toks15
\XKV@tempa@toks=\toks16

(/usr/local/texlive/2021/texmf-dist/tex/generic/xkeyval/keyval.tex))
\XKV@depth=\count187
File: xkeyval.tex 2014/12/03 v2.7a key=value parser (HA)
))
(/usr/local/texlive/2021/texmf-dist/tex/latex/base/ifthen.sty
Package: ifthen 2014/09/29 v1.1c Standard LaTeX ifthen package (DPC)
)
(/usr/local/texlive/2021/texmf-dist/tex/latex/xfor/xfor.sty
Package: xfor 2009/02/05 v1.05 (NLCT)
)
(/usr/local/texlive/2021/texmf-dist/tex/latex/substr/substr.sty
Package: substr 2009/10/20 v1.2 Handle substrings
\c@su@anzahl=\count188
)
(/usr/local/texlive/2021/texmf-dist/tex/latex/etoolbox/etoolbox.sty
Package: etoolbox 2020/10/05 v2.5k e-TeX tools for LaTeX (JAW)
\etb@tempcnta=\count189
)
(/usr/local/texlive/2021/texmf-dist/tex/latex/datatool/datatool-base.sty
Package: datatool-base 2019/09/27 v2.32 (NLCT)

(/usr/local/texlive/2021/texmf-dist/tex/latex/amsmath/amsmath.sty
Package: amsmath 2020/09/23 v2.17i AMS math features
\@mathmargin=\skip49

For additional information on amsmath, use the `?' option.
(/usr/local/texlive/2021/texmf-dist/tex/latex/amsmath/amstext.sty
Package: amstext 2000/06/29 v2.01 AMS text

(/usr/local/texlive/2021/texmf-dist/tex/latex/amsmath/amsgen.sty
File: amsgen.sty 1999/11/30 v2.0 generic functions
\@emptytoks=\toks17
\ex@=\dimen139
))
(/usr/local/texlive/2021/texmf-dist/tex/latex/amsmath/amsbsy.sty
Package: amsbsy 1999/11/29 v1.2d Bold Symbols
\pmbraise@=\dimen140
)
(/usr/local/texlive/2021/texmf-dist/tex/latex/amsmath/amsopn.sty
Package: amsopn 2016/03/08 v2.02 operator names
)
\inf@bad=\count190
LaTeX Info: Redefining \frac on input line 234.
\uproot@=\count191
\leftroot@=\count192
LaTeX Info: Redefining \overline on input line 399.
\classnum@=\count193
\DOTSCASE@=\count194
LaTeX Info: Redefining \ldots on input line 496.
LaTeX Info: Redefining \dots on input line 499.
LaTeX Info: Redefining \cdots on input line 620.
\Mathstrutbox@=\box47
\strutbox@=\box48
\big@size=\dimen141
LaTeX Font Info:    Redeclaring font encoding OML on input line 743.
LaTeX Font Info:    Redeclaring font encoding OMS on input line 744.
\macc@depth=\count195
\c@MaxMatrixCols=\count196
\dotsspace@=\muskip16
\c@parentequation=\count197
\dspbrk@lvl=\count198
\tag@help=\toks18
\row@=\count199
\column@=\count266
\maxfields@=\count267
\andhelp@=\toks19
\eqnshift@=\dimen142
\alignsep@=\dimen143
\tagshift@=\dimen144
\tagwidth@=\dimen145
\totwidth@=\dimen146
\lineht@=\dimen147
\@envbody=\toks20
\multlinegap=\skip50
\multlinetaggap=\skip51
\mathdisplay@stack=\toks21
LaTeX Info: Redefining \[ on input line 2923.
LaTeX Info: Redefining \] on input line 2924.
)
(/usr/local/texlive/2021/texmf-dist/tex/latex/datatool/datatool-fp.sty
Package: datatool-fp 2019/09/27 v2.32 (NLCT)

(/usr/local/texlive/2021/texmf-dist/tex/latex/fp/fp.sty
Package: fp 1995/04/02

`Fixed Point Package', Version 0.8, April 2, 1995 (C) Michael Mehlich
(/usr/local/texlive/2021/texmf-dist/tex/latex/fp/defpattern.sty
Package: defpattern 1994/10/12
\actioncount=\count268
)
(/usr/local/texlive/2021/texmf-dist/tex/latex/fp/fp-basic.sty
Package: fp-basic 1996/05/13
\FP@xs=\count269
\FP@xia=\count270
\FP@xib=\count271
\FP@xfa=\count272
\FP@xfb=\count273
\FP@rega=\count274
\FP@regb=\count275
\FP@regs=\count276
\FP@times=\count277
)
(/usr/local/texlive/2021/texmf-dist/tex/latex/fp/fp-addons.sty
Package: fp-addons 1995/03/15
)
(/usr/local/texlive/2021/texmf-dist/tex/latex/fp/fp-snap.sty
Package: fp-snap 1995/04/05
)
(/usr/local/texlive/2021/texmf-dist/tex/latex/fp/fp-exp.sty
Package: fp-exp 1995/04/03
)
(/usr/local/texlive/2021/texmf-dist/tex/latex/fp/fp-trigo.sty
Package: fp-trigo 1995/04/14
)
(/usr/local/texlive/2021/texmf-dist/tex/latex/fp/fp-pas.sty
Package: fp-pas 1994/08/29
)
(/usr/local/texlive/2021/texmf-dist/tex/latex/fp/fp-random.sty
Package: fp-random 1995/02/23
\FPseed=\count278
)
(/usr/local/texlive/2021/texmf-dist/tex/latex/fp/fp-eqn.sty
Package: fp-eqn 1995/04/03
)
(/usr/local/texlive/2021/texmf-dist/tex/latex/fp/fp-upn.sty
Package: fp-upn 1996/10/21
)
(/usr/local/texlive/2021/texmf-dist/tex/latex/fp/fp-eval.sty
Package: fp-eval 1995/04/03
)))
\@dtl@toks=\toks22
\@dtl@tmpcount=\count279
\dtl@tmplength=\skip52
\dtl@sortresult=\count280
\@dtl@numgrpsepcount=\count281
\@dtl@datatype=\count282
\dtl@codeA=\count283
\dtl@codeB=\count284
\@dtl@foreach@level=\count285
)
\dtlcolumnnum=\count286
\dtlrownum=\count287
\@dtl@before=\toks23
\@dtl@after=\toks24
\@dtl@colhead=\toks25
\dtlcurrentrow=\toks26
\dtlbeforerow=\toks27
\dtlafterrow=\toks28
\dtlforeachlevel=\count288
\c@DTLrowi=\count289
\c@DTLrowii=\count290
\c@DTLrowiii=\count291
\c@DTLrow=\count292
\dtl@rowi=\count293
\dtl@rowii=\count294
\dtl@rowiii=\count295
\@dtl@curi=\toks29
\@dtl@previ=\toks30
\@dtl@nexti=\toks31
\@dtl@curii=\toks32
\@dtl@previi=\toks33
\@dtl@nextii=\toks34
\@dtl@curiii=\toks35
\@dtl@previii=\toks36
\@dtl@nextiii=\toks37
\@dtl@elements=\count296
\@dtl@list=\toks38
\@dtl@rowa=\toks39
\@dtl@rowb=\toks40
\@dtl@toksA=\toks41
\@dtl@toksB=\toks42
\@dtl@write=\write3
\@dtl@read=\read2
\dtl@entrycr=\count297
\dtl@omitlines=\count298
) (./struct.tex (/usr/local/texlive/2021/texmf-dist/tex/latex/base/inputenc.sty
Package: inputenc 2020/08/01 v1.3d Input encoding file
\inpenc@prehook=\toks43
\inpenc@posthook=\toks44
)
(/usr/local/texlive/2021/texmf-dist/tex/generic/babel/babel.sty
Package: babel 2021/03/24 3.56 The Babel package

(/usr/local/texlive/2021/texmf-dist/tex/generic/babel/babel.def
File: babel.def 2021/03/24 3.56 Babel common definitions
\babel@savecnt=\count299
\U@D=\dimen148
\l@babelnohyphens=\language87

(/usr/local/texlive/2021/texmf-dist/tex/generic/babel/txtbabel.def)
\bbl@readstream=\read3
)
\bbl@dirlevel=\count300

(/usr/local/texlive/2021/texmf-dist/tex/generic/babel-portuges/brazil.ldf
Language: portuges 2021/02/04 v1.2s Portuguese support from the babel system
Package babel Info: \l@brazil = using hyphenrules for portuguese
(babel)             (\language70) on input line 111.
Package babel Info: Making " an active character on input line 143.
))
(/usr/local/texlive/2021/texmf-dist/tex/latex/geometry/geometry.sty
Package: geometry 2020/01/02 v5.9 Page Geometry

(/usr/local/texlive/2021/texmf-dist/tex/generic/iftex/ifvtex.sty
Package: ifvtex 2019/10/25 v1.7 ifvtex legacy package. Use iftex instead.

(/usr/local/texlive/2021/texmf-dist/tex/generic/iftex/iftex.sty
Package: iftex 2020/03/06 v1.0d TeX engine tests
))
\Gm@cnth=\count301
\Gm@cntv=\count302
\c@Gm@tempcnt=\count303
\Gm@bindingoffset=\dimen149
\Gm@wd@mp=\dimen150
\Gm@odd@mp=\dimen151
\Gm@even@mp=\dimen152
\Gm@layoutwidth=\dimen153
\Gm@layoutheight=\dimen154
\Gm@layouthoffset=\dimen155
\Gm@layoutvoffset=\dimen156
\Gm@dimlist=\toks45
)
(/usr/local/texlive/2021/texmf-dist/tex/latex/graphics/graphicx.sty
Package: graphicx 2020/09/09 v1.2b Enhanced LaTeX Graphics (DPC,SPQR)

(/usr/local/texlive/2021/texmf-dist/tex/latex/graphics/graphics.sty
Package: graphics 2020/08/30 v1.4c Standard LaTeX Graphics (DPC,SPQR)

(/usr/local/texlive/2021/texmf-dist/tex/latex/graphics/trig.sty
Package: trig 2016/01/03 v1.10 sin cos tan (DPC)
)
(/usr/local/texlive/2021/texmf-dist/tex/latex/graphics-cfg/graphics.cfg
File: graphics.cfg 2016/06/04 v1.11 sample graphics configuration
)
Package graphics Info: Driver file: pdftex.def on input line 105.

(/usr/local/texlive/2021/texmf-dist/tex/latex/graphics-def/pdftex.def
File: pdftex.def 2020/10/05 v1.2a Graphics/color driver for pdftex
))
\Gin@req@height=\dimen157
\Gin@req@width=\dimen158
)
(/usr/local/texlive/2021/texmf-dist/tex/latex/hyphenat/hyphenat.sty
Package: hyphenat 2009/09/02 v2.3c hyphenation utilities
\langwohyphens=\language88
LaTeX Info: Redefining \_ on input line 43.
)
(/usr/local/texlive/2021/texmf-dist/tex/latex/carlisle/scalefnt.sty)
(/usr/local/texlive/2021/texmf-dist/tex/latex/xcolor/xcolor.sty
Package: xcolor 2016/05/11 v2.12 LaTeX color extensions (UK)

(/usr/local/texlive/2021/texmf-dist/tex/latex/graphics-cfg/color.cfg
File: color.cfg 2016/01/02 v1.6 sample color configuration
)
Package xcolor Info: Driver file: pdftex.def on input line 225.
Package xcolor Info: Model `cmy' substituted by `cmy0' on input line 1348.
Package xcolor Info: Model `hsb' substituted by `rgb' on input line 1352.
Package xcolor Info: Model `RGB' extended on input line 1364.
Package xcolor Info: Model `HTML' substituted by `rgb' on input line 1366.
Package xcolor Info: Model `Hsb' substituted by `hsb' on input line 1367.
Package xcolor Info: Model `tHsb' substituted by `hsb' on input line 1368.
Package xcolor Info: Model `HSB' substituted by `hsb' on input line 1369.
Package xcolor Info: Model `Gray' substituted by `gray' on input line 1370.
Package xcolor Info: Model `wave' substituted by `hsb' on input line 1371.

(/usr/local/texlive/2021/texmf-dist/tex/latex/graphics/dvipsnam.def
File: dvipsnam.def 2016/06/17 v3.0m Driver-dependent file (DPC,SPQR)
))
(/usr/local/texlive/2021/texmf-dist/tex/latex/background/background.sty
Package: background 2014/03/04 v2.1 background material

(/usr/local/texlive/2021/texmf-dist/tex/latex/pgf/frontendlayer/tikz.sty
(/usr/local/texlive/2021/texmf-dist/tex/latex/pgf/basiclayer/pgf.sty
(/usr/local/texlive/2021/texmf-dist/tex/latex/pgf/utilities/pgfrcs.sty
(/usr/local/texlive/2021/texmf-dist/tex/generic/pgf/utilities/pgfutil-common.te
x
\pgfutil@everybye=\toks46
\pgfutil@tempdima=\dimen159
\pgfutil@tempdimb=\dimen160

(/usr/local/texlive/2021/texmf-dist/tex/generic/pgf/utilities/pgfutil-common-li
sts.tex))
(/usr/local/texlive/2021/texmf-dist/tex/generic/pgf/utilities/pgfutil-latex.def
\pgfutil@abb=\box49
) (/usr/local/texlive/2021/texmf-dist/tex/generic/pgf/utilities/pgfrcs.code.tex
(/usr/local/texlive/2021/texmf-dist/tex/generic/pgf/pgf.revision.tex)
Package: pgfrcs 2020/12/27 v3.1.8b (3.1.8b)
))
Package: pgf 2020/12/27 v3.1.8b (3.1.8b)

(/usr/local/texlive/2021/texmf-dist/tex/latex/pgf/basiclayer/pgfcore.sty
(/usr/local/texlive/2021/texmf-dist/tex/latex/pgf/systemlayer/pgfsys.sty
(/usr/local/texlive/2021/texmf-dist/tex/generic/pgf/systemlayer/pgfsys.code.tex
Package: pgfsys 2020/12/27 v3.1.8b (3.1.8b)
(/usr/local/texlive/2021/texmf-dist/tex/generic/pgf/utilities/pgfkeys.code.tex
\pgfkeys@pathtoks=\toks47
\pgfkeys@temptoks=\toks48

(/usr/local/texlive/2021/texmf-dist/tex/generic/pgf/utilities/pgfkeysfiltered.c
ode.tex
\pgfkeys@tmptoks=\toks49
))
\pgf@x=\dimen161
\pgf@y=\dimen162
\pgf@xa=\dimen163
\pgf@ya=\dimen164
\pgf@xb=\dimen165
\pgf@yb=\dimen166
\pgf@xc=\dimen167
\pgf@yc=\dimen168
\pgf@xd=\dimen169
\pgf@yd=\dimen170
\w@pgf@writea=\write4
\r@pgf@reada=\read4
\c@pgf@counta=\count304
\c@pgf@countb=\count305
\c@pgf@countc=\count306
\c@pgf@countd=\count307
\t@pgf@toka=\toks50
\t@pgf@tokb=\toks51
\t@pgf@tokc=\toks52
\pgf@sys@id@count=\count308

(/usr/local/texlive/2021/texmf-dist/tex/generic/pgf/systemlayer/pgf.cfg
File: pgf.cfg 2020/12/27 v3.1.8b (3.1.8b)
)
Driver file for pgf: pgfsys-pdftex.def

(/usr/local/texlive/2021/texmf-dist/tex/generic/pgf/systemlayer/pgfsys-pdftex.d
ef
File: pgfsys-pdftex.def 2020/12/27 v3.1.8b (3.1.8b)

(/usr/local/texlive/2021/texmf-dist/tex/generic/pgf/systemlayer/pgfsys-common-p
df.def
File: pgfsys-common-pdf.def 2020/12/27 v3.1.8b (3.1.8b)
)))
(/usr/local/texlive/2021/texmf-dist/tex/generic/pgf/systemlayer/pgfsyssoftpath.
code.tex
File: pgfsyssoftpath.code.tex 2020/12/27 v3.1.8b (3.1.8b)
\pgfsyssoftpath@smallbuffer@items=\count309
\pgfsyssoftpath@bigbuffer@items=\count310
)
(/usr/local/texlive/2021/texmf-dist/tex/generic/pgf/systemlayer/pgfsysprotocol.
code.tex
File: pgfsysprotocol.code.tex 2020/12/27 v3.1.8b (3.1.8b)
))
(/usr/local/texlive/2021/texmf-dist/tex/generic/pgf/basiclayer/pgfcore.code.tex
Package: pgfcore 2020/12/27 v3.1.8b (3.1.8b)
(/usr/local/texlive/2021/texmf-dist/tex/generic/pgf/math/pgfmath.code.tex
(/usr/local/texlive/2021/texmf-dist/tex/generic/pgf/math/pgfmathcalc.code.tex
(/usr/local/texlive/2021/texmf-dist/tex/generic/pgf/math/pgfmathutil.code.tex)
(/usr/local/texlive/2021/texmf-dist/tex/generic/pgf/math/pgfmathparser.code.tex
\pgfmath@dimen=\dimen171
\pgfmath@count=\count311
\pgfmath@box=\box50
\pgfmath@toks=\toks53
\pgfmath@stack@operand=\toks54
\pgfmath@stack@operation=\toks55
)
(/usr/local/texlive/2021/texmf-dist/tex/generic/pgf/math/pgfmathfunctions.code.
tex
(/usr/local/texlive/2021/texmf-dist/tex/generic/pgf/math/pgfmathfunctions.basic
.code.tex)
(/usr/local/texlive/2021/texmf-dist/tex/generic/pgf/math/pgfmathfunctions.trigo
nometric.code.tex)
(/usr/local/texlive/2021/texmf-dist/tex/generic/pgf/math/pgfmathfunctions.rando
m.code.tex)
(/usr/local/texlive/2021/texmf-dist/tex/generic/pgf/math/pgfmathfunctions.compa
rison.code.tex)
(/usr/local/texlive/2021/texmf-dist/tex/generic/pgf/math/pgfmathfunctions.base.
code.tex)
(/usr/local/texlive/2021/texmf-dist/tex/generic/pgf/math/pgfmathfunctions.round
.code.tex)
(/usr/local/texlive/2021/texmf-dist/tex/generic/pgf/math/pgfmathfunctions.misc.
code.tex)
(/usr/local/texlive/2021/texmf-dist/tex/generic/pgf/math/pgfmathfunctions.integ
erarithmetics.code.tex)))
(/usr/local/texlive/2021/texmf-dist/tex/generic/pgf/math/pgfmathfloat.code.tex
\c@pgfmathroundto@lastzeros=\count312
)) (/usr/local/texlive/2021/texmf-dist/tex/generic/pgf/math/pgfint.code.tex)
(/usr/local/texlive/2021/texmf-dist/tex/generic/pgf/basiclayer/pgfcorepoints.co
de.tex
File: pgfcorepoints.code.tex 2020/12/27 v3.1.8b (3.1.8b)
\pgf@picminx=\dimen172
\pgf@picmaxx=\dimen173
\pgf@picminy=\dimen174
\pgf@picmaxy=\dimen175
\pgf@pathminx=\dimen176
\pgf@pathmaxx=\dimen177
\pgf@pathminy=\dimen178
\pgf@pathmaxy=\dimen179
\pgf@xx=\dimen180
\pgf@xy=\dimen181
\pgf@yx=\dimen182
\pgf@yy=\dimen183
\pgf@zx=\dimen184
\pgf@zy=\dimen185
)
(/usr/local/texlive/2021/texmf-dist/tex/generic/pgf/basiclayer/pgfcorepathconst
ruct.code.tex
File: pgfcorepathconstruct.code.tex 2020/12/27 v3.1.8b (3.1.8b)
\pgf@path@lastx=\dimen186
\pgf@path@lasty=\dimen187
)
(/usr/local/texlive/2021/texmf-dist/tex/generic/pgf/basiclayer/pgfcorepathusage
.code.tex
File: pgfcorepathusage.code.tex 2020/12/27 v3.1.8b (3.1.8b)
\pgf@shorten@end@additional=\dimen188
\pgf@shorten@start@additional=\dimen189
)
(/usr/local/texlive/2021/texmf-dist/tex/generic/pgf/basiclayer/pgfcorescopes.co
de.tex
File: pgfcorescopes.code.tex 2020/12/27 v3.1.8b (3.1.8b)
\pgfpic=\box51
\pgf@hbox=\box52
\pgf@layerbox@main=\box53
\pgf@picture@serial@count=\count313
)
(/usr/local/texlive/2021/texmf-dist/tex/generic/pgf/basiclayer/pgfcoregraphicst
ate.code.tex
File: pgfcoregraphicstate.code.tex 2020/12/27 v3.1.8b (3.1.8b)
\pgflinewidth=\dimen190
)
(/usr/local/texlive/2021/texmf-dist/tex/generic/pgf/basiclayer/pgfcoretransform
ations.code.tex
File: pgfcoretransformations.code.tex 2020/12/27 v3.1.8b (3.1.8b)
\pgf@pt@x=\dimen191
\pgf@pt@y=\dimen192
\pgf@pt@temp=\dimen193
)
(/usr/local/texlive/2021/texmf-dist/tex/generic/pgf/basiclayer/pgfcorequick.cod
e.tex
File: pgfcorequick.code.tex 2020/12/27 v3.1.8b (3.1.8b)
)
(/usr/local/texlive/2021/texmf-dist/tex/generic/pgf/basiclayer/pgfcoreobjects.c
ode.tex
File: pgfcoreobjects.code.tex 2020/12/27 v3.1.8b (3.1.8b)
)
(/usr/local/texlive/2021/texmf-dist/tex/generic/pgf/basiclayer/pgfcorepathproce
ssing.code.tex
File: pgfcorepathprocessing.code.tex 2020/12/27 v3.1.8b (3.1.8b)
)
(/usr/local/texlive/2021/texmf-dist/tex/generic/pgf/basiclayer/pgfcorearrows.co
de.tex
File: pgfcorearrows.code.tex 2020/12/27 v3.1.8b (3.1.8b)
\pgfarrowsep=\dimen194
)
(/usr/local/texlive/2021/texmf-dist/tex/generic/pgf/basiclayer/pgfcoreshade.cod
e.tex
File: pgfcoreshade.code.tex 2020/12/27 v3.1.8b (3.1.8b)
\pgf@max=\dimen195
\pgf@sys@shading@range@num=\count314
\pgf@shadingcount=\count315
)
(/usr/local/texlive/2021/texmf-dist/tex/generic/pgf/basiclayer/pgfcoreimage.cod
e.tex
File: pgfcoreimage.code.tex 2020/12/27 v3.1.8b (3.1.8b)

(/usr/local/texlive/2021/texmf-dist/tex/generic/pgf/basiclayer/pgfcoreexternal.
code.tex
File: pgfcoreexternal.code.tex 2020/12/27 v3.1.8b (3.1.8b)
\pgfexternal@startupbox=\box54
))
(/usr/local/texlive/2021/texmf-dist/tex/generic/pgf/basiclayer/pgfcorelayers.co
de.tex
File: pgfcorelayers.code.tex 2020/12/27 v3.1.8b (3.1.8b)
)
(/usr/local/texlive/2021/texmf-dist/tex/generic/pgf/basiclayer/pgfcoretranspare
ncy.code.tex
File: pgfcoretransparency.code.tex 2020/12/27 v3.1.8b (3.1.8b)
)
(/usr/local/texlive/2021/texmf-dist/tex/generic/pgf/basiclayer/pgfcorepatterns.
code.tex
File: pgfcorepatterns.code.tex 2020/12/27 v3.1.8b (3.1.8b)
)
(/usr/local/texlive/2021/texmf-dist/tex/generic/pgf/basiclayer/pgfcorerdf.code.
tex
File: pgfcorerdf.code.tex 2020/12/27 v3.1.8b (3.1.8b)
)))
(/usr/local/texlive/2021/texmf-dist/tex/generic/pgf/modules/pgfmoduleshapes.cod
e.tex
File: pgfmoduleshapes.code.tex 2020/12/27 v3.1.8b (3.1.8b)
\pgfnodeparttextbox=\box55
)
(/usr/local/texlive/2021/texmf-dist/tex/generic/pgf/modules/pgfmoduleplot.code.
tex
File: pgfmoduleplot.code.tex 2020/12/27 v3.1.8b (3.1.8b)
)
(/usr/local/texlive/2021/texmf-dist/tex/latex/pgf/compatibility/pgfcomp-version
-0-65.sty
Package: pgfcomp-version-0-65 2020/12/27 v3.1.8b (3.1.8b)
\pgf@nodesepstart=\dimen196
\pgf@nodesepend=\dimen197
)
(/usr/local/texlive/2021/texmf-dist/tex/latex/pgf/compatibility/pgfcomp-version
-1-18.sty
Package: pgfcomp-version-1-18 2020/12/27 v3.1.8b (3.1.8b)
))
(/usr/local/texlive/2021/texmf-dist/tex/latex/pgf/utilities/pgffor.sty
(/usr/local/texlive/2021/texmf-dist/tex/latex/pgf/utilities/pgfkeys.sty
(/usr/local/texlive/2021/texmf-dist/tex/generic/pgf/utilities/pgfkeys.code.tex)
) (/usr/local/texlive/2021/texmf-dist/tex/latex/pgf/math/pgfmath.sty
(/usr/local/texlive/2021/texmf-dist/tex/generic/pgf/math/pgfmath.code.tex))
(/usr/local/texlive/2021/texmf-dist/tex/generic/pgf/utilities/pgffor.code.tex
Package: pgffor 2020/12/27 v3.1.8b (3.1.8b)

(/usr/local/texlive/2021/texmf-dist/tex/generic/pgf/math/pgfmath.code.tex)
\pgffor@iter=\dimen198
\pgffor@skip=\dimen199
\pgffor@stack=\toks56
\pgffor@toks=\toks57
))
(/usr/local/texlive/2021/texmf-dist/tex/generic/pgf/frontendlayer/tikz/tikz.cod
e.tex
Package: tikz 2020/12/27 v3.1.8b (3.1.8b)

(/usr/local/texlive/2021/texmf-dist/tex/generic/pgf/libraries/pgflibraryplothan
dlers.code.tex
File: pgflibraryplothandlers.code.tex 2020/12/27 v3.1.8b (3.1.8b)
\pgf@plot@mark@count=\count316
\pgfplotmarksize=\dimen256
)
\tikz@lastx=\dimen257
\tikz@lasty=\dimen258
\tikz@lastxsaved=\dimen259
\tikz@lastysaved=\dimen260
\tikz@lastmovetox=\dimen261
\tikz@lastmovetoy=\dimen262
\tikzleveldistance=\dimen263
\tikzsiblingdistance=\dimen264
\tikz@figbox=\box56
\tikz@figbox@bg=\box57
\tikz@tempbox=\box58
\tikz@tempbox@bg=\box59
\tikztreelevel=\count317
\tikznumberofchildren=\count318
\tikznumberofcurrentchild=\count319
\tikz@fig@count=\count320

(/usr/local/texlive/2021/texmf-dist/tex/generic/pgf/modules/pgfmodulematrix.cod
e.tex
File: pgfmodulematrix.code.tex 2020/12/27 v3.1.8b (3.1.8b)
\pgfmatrixcurrentrow=\count321
\pgfmatrixcurrentcolumn=\count322
\pgf@matrix@numberofcolumns=\count323
)
\tikz@expandcount=\count324

(/usr/local/texlive/2021/texmf-dist/tex/generic/pgf/frontendlayer/tikz/librarie
s/tikzlibrarytopaths.code.tex
File: tikzlibrarytopaths.code.tex 2020/12/27 v3.1.8b (3.1.8b)
)))
(/usr/local/texlive/2021/texmf-dist/tex/latex/everypage/everypage.sty
Package: everypage 2020/10/17 R2.0b Hooks to run on every page


Package everypage Warning: Functionality similar to this package has recently
(everypage)                been implemented in LaTeX. This package is now in
(everypage)                legacy status.
(everypage)                Please, don't use it in new documents and packages.


Package everypage Warning: You appear to be running a version of LaTeX
(everypage)                providing the new functionality.
(everypage)                Doing the best to deliver the original `everypage`
(everypage)                interface on top of it. Strict equivalence is
(everypage)                not possible, breakage may occur.
(everypage)                If truly needed, Use `everypage-1x` to force the
(everypage)                loading of an older code base.

) (/usr/local/texlive/2021/texmf-dist/tex/latex/tools/afterpage.sty
Package: afterpage 2014/10/28 v1.08 After-Page Package (DPC)
\AP@output=\toks58
\AP@partial=\box60
\AP@footins=\box61
)))
\dtldb@names=\toks59
\dtlkeys@names=\toks60
\dtlrows@names=\count325
\dtlcols@names=\count326

(/usr/local/texlive/2021/texmf-dist/tex/latex/l3backend/l3backend-pdftex.def
File: l3backend-pdftex.def 2021-03-18 L3 backend support: PDF output (pdfTeX)
\l__color_backend_stack_int=\count327
\l__pdf_internal_box=\box62
)
(./Certificate_Template.aux)
\openout1 = `Certificate_Template.aux'.

LaTeX Font Info:    Checking defaults for OML/cmm/m/it on input line 8.
LaTeX Font Info:    ... okay on input line 8.
LaTeX Font Info:    Checking defaults for OMS/cmsy/m/n on input line 8.
LaTeX Font Info:    ... okay on input line 8.
LaTeX Font Info:    Checking defaults for OT1/cmr/m/n on input line 8.
LaTeX Font Info:    ... okay on input line 8.
LaTeX Font Info:    Checking defaults for T1/cmr/m/n on input line 8.
LaTeX Font Info:    ... okay on input line 8.
LaTeX Font Info:    Checking defaults for TS1/cmr/m/n on input line 8.
LaTeX Font Info:    ... okay on input line 8.
LaTeX Font Info:    Checking defaults for OMX/cmex/m/n on input line 8.
LaTeX Font Info:    ... okay on input line 8.
LaTeX Font Info:    Checking defaults for U/cmr/m/n on input line 8.
LaTeX Font Info:    ... okay on input line 8.

*geometry* driver: auto-detecting
*geometry* detected driver: pdftex
*geometry* verbose mode - [ preamble ] result:
* driver: pdftex
* paper: a4paper
* layout: <same size as paper>
* layoutoffset:(h,v)=(0.0pt,0.0pt)
* modes: landscape 
* h-part:(L,W,R)=(28.45274pt, 788.14136pt, 28.45274pt)
* v-part:(T,H,B)=(42.67912pt, 526.376pt, 28.45274pt)
* \paperwidth=845.04684pt
* \paperheight=597.50787pt
* \textwidth=788.14136pt
* \textheight=526.376pt
* \oddsidemargin=-43.81725pt
* \evensidemargin=-43.81725pt
* \topmargin=-51.59087pt
* \headheight=12.0pt
* \headsep=10.0pt
* \topskip=12.0pt
* \footskip=30.0pt
* \marginparwidth=134.0pt
* \marginparsep=10.0pt
* \columnsep=10.0pt
* \skip\footins=10.8pt plus 4.0pt minus 2.0pt
* \hoffset=0.0pt
* \voffset=0.0pt
* \mag=1000
* \@twocolumnfalse
* \@twosidefalse
* \@mparswitchfalse
* \@reversemarginfalse
* (1in=72.27pt=25.4mm, 1cm=28.453pt)

(/usr/local/texlive/2021/texmf-dist/tex/context/base/mkii/supp-pdf.mkii
[Loading MPS to PDF converter (version 2006.09.02).]
\scratchcounter=\count328
\scratchdimen=\dimen265
\scratchbox=\box63
\nofMPsegments=\count329
\nofMParguments=\count330
\everyMPshowfont=\toks61
\MPscratchCnt=\count331
\MPscratchDim=\dimen266
\MPnumerator=\count332
\makeMPintoPDFobject=\count333
\everyMPtoPDFconversion=\toks62
) (/usr/local/texlive/2021/texmf-dist/tex/latex/epstopdf-pkg/epstopdf-base.sty
Package: epstopdf-base 2020-01-24 v2.11 Base part for package epstopdf
Package epstopdf-base Info: Redefining graphics rule for `.eps' on input line 4
85.

(/usr/local/texlive/2021/texmf-dist/tex/latex/latexconfig/epstopdf-sys.cfg
File: epstopdf-sys.cfg 2010/07/13 v1.3 Configuration of (r)epstopdf for TeX Liv
e
))

LaTeX Font Warning: Font shape `OT1/cmr/m/n' in size <72> not available
(Font)              size <24.88> substituted on input line 13.


LaTeX Font Warning: Font shape `OT1/cmr/m/sc' in size <72> not available
(Font)              size <24.88> substituted on input line 13.


LaTeX Font Warning: Font shape `OT1/cmr/bx/n' in size <72> not available
(Font)              size <24.88> substituted on input line 13.


LaTeX Font Warning: Font shape `OT1/cmr/m/n' in size <21.60004> not available
(Font)              size <20.74> substituted on input line 13.


LaTeX Font Warning: Font shape `OT1/cmr/m/n' in size <24> not available
(Font)              size <24.88> substituted on input line 13.


LaTeX Font Warning: Font shape `OT1/cmr/m/sc' in size <24> not available
(Font)              size <24.88> substituted on input line 13.


LaTeX Font Warning: Font shape `OT1/cmr/m/n' in size <18> not available
(Font)              size <17.28> substituted on input line 13.


LaTeX Font Warning: Font shape `OT1/cmr/bx/n' in size <18> not available
(Font)              size <17.28> substituted on input line 13.

LaTeX Font Info:    Calculating math sizes for size <18> on input line 13.

LaTeX Font Warning: Font shape `OT1/cmr/m/n' in size <12.59995> not available
(Font)              size <12> substituted on input line 13.


LaTeX Font Warning: Font shape `OML/cmm/m/it' in size <18> not available
(Font)              size <17.28> substituted on input line 13.


LaTeX Font Warning: Font shape `OML/cmm/m/it' in size <12.59995> not available
(Font)              size <12> substituted on input line 13.


LaTeX Font Warning: Font shape `OMS/cmsy/m/n' in size <18> not available
(Font)              size <17.28> substituted on input line 13.


LaTeX Font Warning: Font shape `OMS/cmsy/m/n' in size <12.59995> not available
(Font)              size <12> substituted on input line 13.


LaTeX Font Warning: Font shape `OMX/cmex/m/n' in size <18> not available
(Font)              size <17.28> substituted on input line 13.


LaTeX Font Warning: Font shape `OMX/cmex/m/n' in size <12.59995> not available
(Font)              size <12> substituted on input line 13.


Underfull \hbox (badness 10000) in paragraph at lines 13--13

 []

<sign1.png, id=4, 87.2058pt x 119.9682pt>
File: sign1.png Graphic file (type png)
<use sign1.png>
Package pdftex.def Info: sign1.png  used on input line 13.
(pdftex.def)             Requested size: 85.35826pt x 117.4289pt.

Underfull \hbox (badness 10000) in paragraph at lines 13--13

 []

<sign2.png, id=6, 87.2058pt x 119.9682pt>
File: sign2.png Graphic file (type png)
<use sign2.png>
Package pdftex.def Info: sign2.png  used on input line 13.
(pdftex.def)             Requested size: 85.35826pt x 117.4289pt.

Underfull \hbox (badness 10000) in paragraph at lines 13--13

 []

<sign3.png, id=7, 87.2058pt x 119.9682pt>
File: sign3.png Graphic file (type png)
<use sign3.png>
Package pdftex.def Info: sign3.png  used on input line 13.
(pdftex.def)             Requested size: 85.35826pt x 117.4289pt.

Underfull \hbox (badness 10000) in paragraph at lines 13--13

 []


Overfull \hbox (28.67169pt too wide) in paragraph at lines 13--13
[] $[]$ $[]$ $[]$ $[]$ $[]$ 
 []

<aaltologo.png, id=8, 1204.5pt x 1003.75pt>
File: aaltologo.png Graphic file (type png)
<use aaltologo.png>
Package pdftex.def Info: aaltologo.png  used on input line 13.
(pdftex.def)             Requested size: 113.81102pt x 94.83649pt.
<AoFLogo.png, id=9, 145.54375pt x 83.31125pt>
File: AoFLogo.png Graphic file (type png)
<use AoFLogo.png>
Package pdftex.def Info: AoFLogo.png  used on input line 13.
(pdftex.def)             Requested size: 113.81102pt x 65.14775pt.
<horizon2020.png, id=10, 112.6755pt x 73.9125pt>
File: horizon2020.png Graphic file (type png)
<use horizon2020.png>
Package pdftex.def Info: horizon2020.png  used on input line 13.
(pdftex.def)             Requested size: 113.81102pt x 74.6589pt.
<SPS_Logo_Color_RGB.png, id=11, 368.8179pt x 231.0231pt>
File: SPS_Logo_Color_RGB.png Graphic file (type png)
<use SPS_Logo_Color_RGB.png>
Package pdftex.def Info: SPS_Logo_Color_RGB.png  used on input line 13.
(pdftex.def)             Requested size: 113.81102pt x 71.28857pt.
[1

{/usr/local/texlive/2021/texmf-var/fonts/map/pdftex/updmap/pdftex.map} <./sign1
.png> <./sign2.png> <./sign3.png> <./aaltologo.png> <./AoFLogo.png> <./horizon2
020.png> <./SPS_Logo_Color_RGB.png>]
Underfull \hbox (badness 10000) in paragraph at lines 13--13

 []

File: sign1.png Graphic file (type png)
<use sign1.png>
Package pdftex.def Info: sign1.png  used on input line 13.
(pdftex.def)             Requested size: 85.35826pt x 117.4289pt.

Underfull \hbox (badness 10000) in paragraph at lines 13--13

 []

File: sign2.png Graphic file (type png)
<use sign2.png>
Package pdftex.def Info: sign2.png  used on input line 13.
(pdftex.def)             Requested size: 85.35826pt x 117.4289pt.

Underfull \hbox (badness 10000) in paragraph at lines 13--13

 []

File: sign3.png Graphic file (type png)
<use sign3.png>
Package pdftex.def Info: sign3.png  used on input line 13.
(pdftex.def)             Requested size: 85.35826pt x 117.4289pt.

Underfull \hbox (badness 10000) in paragraph at lines 13--13

 []


Overfull \hbox (28.67169pt too wide) in paragraph at lines 13--13
[] $[]$ $[]$ $[]$ $[]$ $[]$ 
 []

File: aaltologo.png Graphic file (type png)
<use aaltologo.png>
Package pdftex.def Info: aaltologo.png  used on input line 13.
(pdftex.def)             Requested size: 113.81102pt x 94.83649pt.
File: AoFLogo.png Graphic file (type png)
<use AoFLogo.png>
Package pdftex.def Info: AoFLogo.png  used on input line 13.
(pdftex.def)             Requested size: 113.81102pt x 65.14775pt.
File: horizon2020.png Graphic file (type png)
<use horizon2020.png>
Package pdftex.def Info: horizon2020.png  used on input line 13.
(pdftex.def)             Requested size: 113.81102pt x 74.6589pt.
File: SPS_Logo_Color_RGB.png Graphic file (type png)
<use SPS_Logo_Color_RGB.png>
Package pdftex.def Info: SPS_Logo_Color_RGB.png  used on input line 13.
(pdftex.def)             Requested size: 113.81102pt x 71.28857pt.
[2]
Underfull \hbox (badness 10000) in paragraph at lines 13--13

 []

File: sign1.png Graphic file (type png)
<use sign1.png>
Package pdftex.def Info: sign1.png  used on input line 13.
(pdftex.def)             Requested size: 85.35826pt x 117.4289pt.

Underfull \hbox (badness 10000) in paragraph at lines 13--13

 []

File: sign2.png Graphic file (type png)
<use sign2.png>
Package pdftex.def Info: sign2.png  used on input line 13.
(pdftex.def)             Requested size: 85.35826pt x 117.4289pt.

Underfull \hbox (badness 10000) in paragraph at lines 13--13

 []

File: sign3.png Graphic file (type png)
<use sign3.png>
Package pdftex.def Info: sign3.png  used on input line 13.
(pdftex.def)             Requested size: 85.35826pt x 117.4289pt.

Underfull \hbox (badness 10000) in paragraph at lines 13--13

 []


Overfull \hbox (28.67169pt too wide) in paragraph at lines 13--13
[] $[]$ $[]$ $[]$ $[]$ $[]$ 
 []

File: aaltologo.png Graphic file (type png)
<use aaltologo.png>
Package pdftex.def Info: aaltologo.png  used on input line 13.
(pdftex.def)             Requested size: 113.81102pt x 94.83649pt.
File: AoFLogo.png Graphic file (type png)
<use AoFLogo.png>
Package pdftex.def Info: AoFLogo.png  used on input line 13.
(pdftex.def)             Requested size: 113.81102pt x 65.14775pt.
File: horizon2020.png Graphic file (type png)
<use horizon2020.png>
Package pdftex.def Info: horizon2020.png  used on input line 13.
(pdftex.def)             Requested size: 113.81102pt x 74.6589pt.
File: SPS_Logo_Color_RGB.png Graphic file (type png)
<use SPS_Logo_Color_RGB.png>
Package pdftex.def Info: SPS_Logo_Color_RGB.png  used on input line 13.
(pdftex.def)             Requested size: 113.81102pt x 71.28857pt.
[3] (./Certificate_Template.aux)

LaTeX Font Warning: Size substitutions with differences
(Font)              up to 47.12pt have occurred.

 ) 
Here is how much of TeX's memory you used:
 16130 strings out of 478994
 303213 string characters out of 5858183
 641856 words of memory out of 5000000
 33279 multiletter control sequences out of 15000+600000
 410628 words of font info for 52 fonts, out of 8000000 for 9000
 1141 hyphenation exceptions out of 8191
 107i,12n,105p,504b,674s stack positions out of 5000i,500n,10000p,200000b,80000s
</usr/local/texlive/2021/texmf-dist/fonts/type1/public/amsfonts/cm/cmbx12.pfb
></usr/local/texlive/2021/texmf-dist/fonts/type1/public/amsfonts/cm/cmcsc10.pfb
></usr/local/texlive/2021/texmf-dist/fonts/type1/public/amsfonts/cm/cmmi12.pfb>
</usr/local/texlive/2021/texmf-dist/fonts/type1/public/amsfonts/cm/cmr10.pfb></
usr/local/texlive/2021/texmf-dist/fonts/type1/public/amsfonts/cm/cmr17.pfb>
Output written on Certificate_Template.pdf (3 pages, 317516 bytes).
PDF statistics:
 52 PDF objects out of 1000 (max. 8388607)
 27 compressed objects within 1 object stream
 0 named destinations out of 1000 (max. 500000)
 48 words of extra memory for PDF output out of 10000 (max. 10000000)

